{
  "RSpec": {
    "coverage": {
      "/home/versatile-genre-3477/tic-tac-toe-rb-online-web-sp-000/lib/tic_tac_toe.rb": [
        null,
        null,
        1,
        null,
        null,
        null,
        null,
        null,
        null,
        null,
        null,
        null,
        null,
        1,
        17,
        17,
        17,
        17,
        17,
        null,
        null,
        1,
        null,
        null,
        1,
        39,
        null,
        null,
        null,
        1,
        27,
        null,
        null,
        null,
        1,
        189,
        null,
        null,
        null,
        1,
        39,
        25,
        null,
        14,
        null,
        null,
        null,
        null,
        1,
        26,
        26,
        234,
        45,
        null,
        null,
        26,
        null,
        null,
        null,
        1,
        25,
        8,
        null,
        null,
        null,
        1,
        37,
        37,
        36,
        36,
        24,
        24,
        null,
        12,
        null,
        null,
        null,
        null,
        1,
        76,
        445,
        445,
        445,
        null,
        445,
        445,
        445,
        null,
        445,
        36,
        null,
        null,
        40,
        null,
        null,
        null,
        1,
        130,
        14,
        null,
        9,
        null,
        null,
        null,
        null,
        1,
        16,
        7,
        9,
        1,
        8,
        8,
        null,
        null,
        null,
        null,
        1,
        14,
        9,
        null,
        5,
        null,
        null,
        null,
        null,
        1,
        12,
        11,
        null,
        null,
        null,
        null,
        null,
        1,
        12,
        11,
        null,
        11,
        5,
        5,
        6,
        3,
        null,
        null
      ]
    },
    "timestamp": 1598218491
  }
}
