{
  "RSpec": {
    "coverage": {
      "/home/versatile-genre-3477/tic-tac-toe-rb-online-web-sp-000/lib/tic_tac_toe.rb": [
        null,
        null,
        1,
        null,
        null,
        null,
        null,
        null,
        null,
        null,
        null,
        null,
        null,
        1,
        6,
        6,
        6,
        6,
        6,
        null,
        null,
        1,
        null,
        null,
        1,
        22,
        null,
        null,
        null,
        1,
        21,
        null,
        null,
        null,
        1,
        252,
        null,
        null,
        null,
        1,
        22,
        19,
        null,
        3,
        null,
        null,
        null,
        null,
        1,
        20,
        20,
        180,
        31,
        null,
        null,
        20,
        null,
        null,
        null,
        1,
        19,
        6,
        null,
        null,
        null,
        1,
        19,
        19,
        19,
        19,
        18,
        0,
        null,
        1,
        null,
        null,
        null,
        null,
        1,
        105,
        697,
        697,
        697,
        null,
        697,
        697,
        697,
        null,
        697,
        37,
        null,
        null,
        68,
        null,
        null,
        null,
        1,
        198,
        27,
        null,
        9,
        null,
        null,
        null,
        null,
        1,
        23,
        7,
        16,
        1,
        15,
        15,
        null,
        null,
        null,
        null,
        1,
        21,
        10,
        null,
        11,
        null,
        null,
        null,
        null,
        1,
        12,
        11,
        null,
        null,
        null,
        null,
        null,
        1,
        12,
        17,
        null,
        12,
        5,
        5,
        7,
        3,
        null,
        null
      ]
    },
    "timestamp": 1598218577
  }
}
